-------------------------------------------------------------------------------
Test set: steps.RunTest
-------------------------------------------------------------------------------
Tests run: 3, Failures: 1, Errors: 1, Skipped: 0, Time elapsed: 50.743 s <<< FAILURE! - in steps.RunTest
I want to test task six.: I want to login with different credentials  Time elapsed: 31.533 s  <<< ERROR!
org.openqa.selenium.TimeoutException: 
Expected condition failed: waiting for visibility of all elements located by By.xpath: //a [text() = 'Wyloguj'] (tried for 15 second(s) with 500 milliseconds interval)
Build info: version: '4.1.3', revision: '7b1ebf28ef'
System info: host: 'Kostiantyns-MacBook-Pro.local', ip: 'fe80:0:0:0:b1:d994:4a10:9ce4%en0', os.name: 'Mac OS X', os.arch: 'x86_64', os.version: '11.5.2', java.version: '17.0.1'
Driver info: org.openqa.selenium.chrome.ChromeDriver
Capabilities {acceptInsecureCerts: false, browserName: chrome, browserVersion: 100.0.4896.127, chrome: {chromedriverVersion: 100.0.4896.60 (6a5d10861ce8..., userDataDir: /var/folders/rp/64q7kqr11zx...}, goog:chromeOptions: {debuggerAddress: localhost:62663}, javascriptEnabled: true, networkConnectionEnabled: false, pageLoadStrategy: normal, platform: MAC, platformName: MAC, proxy: Proxy(), se:cdp: ws://localhost:62663/devtoo..., se:cdpVersion: 100.0.4896.127, setWindowRect: true, strictFileInteractability: false, timeouts: {implicit: 0, pageLoad: 300000, script: 30000}, unhandledPromptBehavior: dismiss and notify, webauthn:extension:credBlob: true, webauthn:extension:largeBlob: true, webauthn:virtualAuthenticators: true}
Session ID: 614a9bc9dec805da61100ca47a4e57f3

I want to test task six.I want to login with different credentials  Time elapsed: 7.169 s  <<< FAILURE!
org.opentest4j.AssertionFailedError: expected: <false> but was: <true>

